生成启动时间为 2011-3-11 13:43:56。
     1>项目“E:\project\VC++\hookapi2010\HookAPI2010.vcxproj”在节点 2 上(build 个目标)。
     1>InitializeBuildStatus:
         正在创建“Release\HookAPI2010.unsuccessfulbuild”，因为已指定“AlwaysCreate”。
       ClCompile:
         所有输出均为最新。
         D:\Program Files\Microsoft Visual Studio 10.0\VC\bin\CL.exe /c /Zi /nologo /W3 /WX- /O2 /Oi /Oy- /GL /D WIN32 /D NDEBUG /D _WINDOWS /D _USRDLL /D HOOKAPI2010_EXPORTS /D _WINDLL /D _UNICODE /D UNICODE /Gm- /EHsc /MD /GS /Gy /fp:precise /Zc:wchar_t /Zc:forScope /Fo"Release\\" /Fd"Release\vc100.pdb" /Gd /TP /analyze- /errorReport:prompt dllmain.cpp
         dllmain.cpp
     1>dllmain.cpp(175): warning C4996: 'wcsnicmp': The POSIX name for this item is deprecated. Instead, use the ISO C++ conformant name: _wcsnicmp. See online help for details.
                 D:\Program Files\Microsoft Visual Studio 10.0\VC\include\string.h(391) : 参见“wcsnicmp”的声明
         所有输出均为最新。
       Link:
         D:\Program Files\Microsoft Visual Studio 10.0\VC\bin\link.exe /ERRORREPORT:PROMPT /OUT:"E:\project\VC++\hookapi2010\Release\HookAPI2010.dll" /INCREMENTAL:NO /NOLOGO kernel32.lib user32.lib gdi32.lib winspool.lib comdlg32.lib advapi32.lib shell32.lib ole32.lib oleaut32.lib uuid.lib odbc32.lib odbccp32.lib /DEF:"HookAPI2010.def" /MANIFEST /ManifestFile:"Release\HookAPI2010.dll.intermediate.manifest" /MANIFESTUAC:"level='asInvoker' uiAccess='false'" /DEBUG /PDB:"E:\project\VC++\hookapi2010\Release\HookAPI2010.pdb" /SUBSYSTEM:WINDOWS /OPT:REF /OPT:ICF /LTCG /TLBID:1 /DYNAMICBASE /NXCOMPAT /IMPLIB:"E:\project\VC++\hookapi2010\Release\HookAPI2010.lib" /MACHINE:X86 /DLL Release\dllmain.obj
         Release\HookAPI2010.obj
         Release\stdafx.obj
            正在创建库 E:\project\VC++\hookapi2010\Release\HookAPI2010.lib 和对象 E:\project\VC++\hookapi2010\Release\HookAPI2010.exp
         正在生成代码
         已完成代码的生成
         HookAPI2010.vcxproj -> E:\project\VC++\hookapi2010\Release\HookAPI2010.dll
       Manifest:
         C:\Program Files\Microsoft SDKs\Windows\v7.0A\bin\mt.exe /nologo /verbose /outputresource:"E:\project\VC++\hookapi2010\Release\HookAPI2010.dll;#2" /manifest Release\HookAPI2010.dll.intermediate.manifest
       FinalizeBuildStatus:
         正在删除文件“Release\HookAPI2010.unsuccessfulbuild”。
         正在对“Release\HookAPI2010.lastbuildstate”执行 Touch 任务。
     1>已完成生成项目“E:\project\VC++\hookapi2010\HookAPI2010.vcxproj”(build 个目标)的操作。

生成成功。

已用时间 00:00:00.56
