生成启动时间为 2011-3-23 15:02:16。
     1>项目“E:\project\VC++\PPSUpLoadOver\PPSUpLoadOver\PPSUpLoadOver.vcxproj”在节点 3 上(build 个目标)。
     1>InitializeBuildStatus:
         正在创建“Debug\PPSUpLoadOver.unsuccessfulbuild”，因为已指定“AlwaysCreate”。
       ClCompile:
         所有输出均为最新。
         D:\Program Files\Microsoft Visual Studio 10.0\VC\bin\CL.exe /c /ZI /nologo /W3 /WX- /Od /Oy- /D WIN32 /D _DEBUG /D _CONSOLE /D _UNICODE /D UNICODE /Gm /EHsc /RTC1 /MDd /GS /fp:precise /Zc:wchar_t /Zc:forScope /Yu"StdAfx.h" /Fp"Debug\PPSUpLoadOver.pch" /Fo"Debug\\" /Fd"Debug\vc100.pdb" /Gd /TP /analyze- /errorReport:prompt PPSUpLoadOver.cpp
         PPSUpLoadOver.cpp
       ManifestResourceCompile:
         所有输出均为最新。
       Link:
         D:\Program Files\Microsoft Visual Studio 10.0\VC\bin\link.exe /ERRORREPORT:PROMPT /OUT:"E:\project\VC++\PPSUpLoadOver\Debug\PPSUpLoadOver.exe" /INCREMENTAL /NOLOGO kernel32.lib user32.lib gdi32.lib winspool.lib comdlg32.lib advapi32.lib shell32.lib ole32.lib oleaut32.lib uuid.lib odbc32.lib odbccp32.lib /MANIFEST /ManifestFile:"Debug\PPSUpLoadOver.exe.intermediate.manifest" /MANIFESTUAC:"level='asInvoker' uiAccess='false'" /DEBUG /PDB:"E:\project\VC++\PPSUpLoadOver\Debug\PPSUpLoadOver.pdb" /SUBSYSTEM:CONSOLE /TLBID:1 /DYNAMICBASE /NXCOMPAT /IMPLIB:"E:\project\VC++\PPSUpLoadOver\Debug\PPSUpLoadOver.lib" /MACHINE:X86 Debug\PPSUpLoadOver.exe.embed.manifest.res
         Debug\PPSUpLoadOver.obj
         Debug\stdafx.obj
       Manifest:
         C:\Program Files\Microsoft SDKs\Windows\v7.0A\bin\mt.exe /nologo /verbose /out:"Debug\PPSUpLoadOver.exe.embed.manifest" /manifest Debug\PPSUpLoadOver.exe.intermediate.manifest
         所有输出均为最新。
       LinkEmbedManifest:
         所有输出均为最新。
         PPSUpLoadOver.vcxproj -> E:\project\VC++\PPSUpLoadOver\Debug\PPSUpLoadOver.exe
       FinalizeBuildStatus:
         正在删除文件“Debug\PPSUpLoadOver.unsuccessfulbuild”。
         正在对“Debug\PPSUpLoadOver.lastbuildstate”执行 Touch 任务。
     1>已完成生成项目“E:\project\VC++\PPSUpLoadOver\PPSUpLoadOver\PPSUpLoadOver.vcxproj”(build 个目标)的操作。

生成成功。

已用时间 00:00:01.20
