生成启动时间为 2011-3-10 16:12:30。
     1>项目“E:\project\VC++\war3tools\trunk\War3Tools\War3ToolsDLL\War3ToolsDLL.vcxproj”在节点 2 上(rebuild 个目标)。
     1>_PrepareForClean:
         正在删除文件“Debug\War3ToolsDLL.lastbuildstate”。
       InitializeBuildStatus:
         正在创建“Debug\War3ToolsDLL.unsuccessfulbuild”，因为已指定“AlwaysCreate”。
       ClCompile:
         D:\Program Files\Microsoft Visual Studio 10.0\VC\bin\CL.exe /c /ZI /nologo /W3 /WX- /Od /Oy- /D WIN32 /D _DEBUG /D _WINDOWS /D _USRDLL /D WAR3TOOLSDLL_EXPORTS /D _WINDLL /D _UNICODE /D UNICODE /Gm /EHsc /RTC1 /MDd /GS /fp:precise /Zc:wchar_t /Zc:forScope /Yc"StdAfx.h" /Fp"Debug\War3ToolsDLL.pch" /Fo"Debug\\" /Fd"Debug\vc100.pdb" /Gd /TP /analyze- /errorReport:prompt stdafx.cpp
         stdafx.cpp
         D:\Program Files\Microsoft Visual Studio 10.0\VC\bin\CL.exe /c /ZI /nologo /W3 /WX- /Od /Oy- /D WIN32 /D _DEBUG /D _WINDOWS /D _USRDLL /D WAR3TOOLSDLL_EXPORTS /D _WINDLL /D _UNICODE /D UNICODE /Gm /EHsc /RTC1 /MDd /GS /fp:precise /Zc:wchar_t /Zc:forScope /Fo"Debug\\" /Fd"Debug\vc100.pdb" /Gd /TP /analyze- /errorReport:prompt dllmain.cpp
         dllmain.cpp
         D:\Program Files\Microsoft Visual Studio 10.0\VC\bin\CL.exe /c /ZI /nologo /W3 /WX- /Od /Oy- /D WIN32 /D _DEBUG /D _WINDOWS /D _USRDLL /D WAR3TOOLSDLL_EXPORTS /D _WINDLL /D _UNICODE /D UNICODE /Gm /EHsc /RTC1 /MDd /GS /fp:precise /Zc:wchar_t /Zc:forScope /Yu"StdAfx.h" /Fp"Debug\War3ToolsDLL.pch" /Fo"Debug\\" /Fd"Debug\vc100.pdb" /Gd /TP /analyze- /errorReport:prompt War3ToolsDLL.cpp
         War3ToolsDLL.cpp
       ManifestResourceCompile:
         C:\Program Files\Microsoft SDKs\Windows\v7.0A\bin\rc.exe /nologo /fo"Debug\War3ToolsDLL.dll.embed.manifest.res" Debug\War3ToolsDLL_manifest.rc 
       Link:
         D:\Program Files\Microsoft Visual Studio 10.0\VC\bin\link.exe /ERRORREPORT:PROMPT /OUT:"E:\project\VC++\war3tools\trunk\War3Tools\Debug\War3ToolsDLL.dll" /INCREMENTAL /NOLOGO kernel32.lib user32.lib gdi32.lib winspool.lib comdlg32.lib advapi32.lib shell32.lib ole32.lib oleaut32.lib uuid.lib odbc32.lib odbccp32.lib /DEF:"War3ToolsDLL.def" /MANIFEST /ManifestFile:"Debug\War3ToolsDLL.dll.intermediate.manifest" /MANIFESTUAC:"level='asInvoker' uiAccess='false'" /DEBUG /PDB:"E:\project\VC++\war3tools\trunk\War3Tools\Debug\War3ToolsDLL.pdb" /SUBSYSTEM:WINDOWS /TLBID:1 /DYNAMICBASE /NXCOMPAT /IMPLIB:"E:\project\VC++\war3tools\trunk\War3Tools\Debug\War3ToolsDLL.lib" /MACHINE:X86 /DLL Debug\War3ToolsDLL.dll.embed.manifest.res
         Debug\dllmain.obj
         Debug\stdafx.obj
         Debug\War3ToolsDLL.obj
            正在创建库 E:\project\VC++\war3tools\trunk\War3Tools\Debug\War3ToolsDLL.lib 和对象 E:\project\VC++\war3tools\trunk\War3Tools\Debug\War3ToolsDLL.exp
       Manifest:
         正在删除文件“Debug\War3ToolsDLL.dll.embed.manifest”。
         C:\Program Files\Microsoft SDKs\Windows\v7.0A\bin\mt.exe /nologo /verbose /out:"Debug\War3ToolsDLL.dll.embed.manifest" /manifest Debug\War3ToolsDLL.dll.intermediate.manifest
         C:\Program Files\Microsoft SDKs\Windows\v7.0A\bin\rc.exe /nologo /fo"Debug\War3ToolsDLL.dll.embed.manifest.res" Debug\War3ToolsDLL_manifest.rc 
       LinkEmbedManifest:
         D:\Program Files\Microsoft Visual Studio 10.0\VC\bin\link.exe /ERRORREPORT:PROMPT /OUT:"E:\project\VC++\war3tools\trunk\War3Tools\Debug\War3ToolsDLL.dll" /INCREMENTAL /NOLOGO kernel32.lib user32.lib gdi32.lib winspool.lib comdlg32.lib advapi32.lib shell32.lib ole32.lib oleaut32.lib uuid.lib odbc32.lib odbccp32.lib /DEF:"War3ToolsDLL.def" /MANIFEST /ManifestFile:"Debug\War3ToolsDLL.dll.intermediate.manifest" /MANIFESTUAC:"level='asInvoker' uiAccess='false'" /DEBUG /PDB:"E:\project\VC++\war3tools\trunk\War3Tools\Debug\War3ToolsDLL.pdb" /SUBSYSTEM:WINDOWS /TLBID:1 /DYNAMICBASE /NXCOMPAT /IMPLIB:"E:\project\VC++\war3tools\trunk\War3Tools\Debug\War3ToolsDLL.lib" /MACHINE:X86 /DLL Debug\War3ToolsDLL.dll.embed.manifest.res
         Debug\dllmain.obj
         Debug\stdafx.obj
         Debug\War3ToolsDLL.obj
            正在创建库 E:\project\VC++\war3tools\trunk\War3Tools\Debug\War3ToolsDLL.lib 和对象 E:\project\VC++\war3tools\trunk\War3Tools\Debug\War3ToolsDLL.exp
         War3ToolsDLL.vcxproj -> E:\project\VC++\war3tools\trunk\War3Tools\Debug\War3ToolsDLL.dll
       FinalizeBuildStatus:
         正在删除文件“Debug\War3ToolsDLL.unsuccessfulbuild”。
         正在对“Debug\War3ToolsDLL.lastbuildstate”执行 Touch 任务。
     1>已完成生成项目“E:\project\VC++\war3tools\trunk\War3Tools\War3ToolsDLL\War3ToolsDLL.vcxproj”(rebuild 个目标)的操作。

生成成功。

已用时间 00:00:04.14
