E:\PROJECT\VC++\WAR3TOOLS\TRUNK\WAR3TOOLS\DEBUG\WAR3TOOLSDLL.DLL
E:\project\VC++\war3tools\trunk\War3Tools\Debug\War3ToolsDLL.exp
E:\PROJECT\VC++\WAR3TOOLS\TRUNK\WAR3TOOLS\DEBUG\WAR3TOOLSDLL.ILK
E:\project\VC++\war3tools\trunk\War3Tools\Debug\War3ToolsDLL.lib
E:\PROJECT\VC++\WAR3TOOLS\TRUNK\WAR3TOOLS\DEBUG\WAR3TOOLSDLL.PDB
E:\project\VC++\war3tools\trunk\War3Tools\War3ToolsDLL\Debug\cl.command.1.tlog
E:\project\VC++\war3tools\trunk\War3Tools\War3ToolsDLL\Debug\CL.read.1.tlog
E:\project\VC++\war3tools\trunk\War3Tools\War3ToolsDLL\Debug\CL.write.1.tlog
E:\PROJECT\VC++\WAR3TOOLS\TRUNK\WAR3TOOLS\WAR3TOOLSDLL\DEBUG\DLLMAIN.OBJ
E:\project\VC++\war3tools\trunk\War3Tools\War3ToolsDLL\Debug\link.3576.read.1.tlog
E:\project\VC++\war3tools\trunk\War3Tools\War3ToolsDLL\Debug\link.3576.write.1.tlog
E:\project\VC++\war3tools\trunk\War3Tools\War3ToolsDLL\Debug\link.3576-cvtres.read.1.tlog
E:\project\VC++\war3tools\trunk\War3Tools\War3ToolsDLL\Debug\link.3576-cvtres.write.1.tlog
E:\project\VC++\war3tools\trunk\War3Tools\War3ToolsDLL\Debug\link.command.1.tlog
E:\project\VC++\war3tools\trunk\War3Tools\War3ToolsDLL\Debug\link.read.1.tlog
E:\project\VC++\war3tools\trunk\War3Tools\War3ToolsDLL\Debug\link.write.1.tlog
E:\project\VC++\war3tools\trunk\War3Tools\War3ToolsDLL\Debug\link-cvtres.read.1.tlog
E:\project\VC++\war3tools\trunk\War3Tools\War3ToolsDLL\Debug\link-cvtres.write.1.tlog
E:\project\VC++\war3tools\trunk\War3Tools\War3ToolsDLL\Debug\mt.command.1.tlog
E:\project\VC++\war3tools\trunk\War3Tools\War3ToolsDLL\Debug\mt.read.1.tlog
E:\project\VC++\war3tools\trunk\War3Tools\War3ToolsDLL\Debug\mt.write.1.tlog
E:\project\VC++\war3tools\trunk\War3Tools\War3ToolsDLL\Debug\rc.command.1.tlog
E:\project\VC++\war3tools\trunk\War3Tools\War3ToolsDLL\Debug\rc.read.1.tlog
E:\project\VC++\war3tools\trunk\War3Tools\War3ToolsDLL\Debug\rc.write.1.tlog
E:\PROJECT\VC++\WAR3TOOLS\TRUNK\WAR3TOOLS\WAR3TOOLSDLL\DEBUG\STDAFX.OBJ
E:\project\VC++\war3tools\trunk\War3Tools\War3ToolsDLL\Debug\vc100.idb
E:\PROJECT\VC++\WAR3TOOLS\TRUNK\WAR3TOOLS\WAR3TOOLSDLL\DEBUG\VC100.PDB
E:\PROJECT\VC++\WAR3TOOLS\TRUNK\WAR3TOOLS\WAR3TOOLSDLL\DEBUG\WAR3TOOLSDLL.DLL.EMBED.MANIFEST
E:\PROJECT\VC++\WAR3TOOLS\TRUNK\WAR3TOOLS\WAR3TOOLSDLL\DEBUG\WAR3TOOLSDLL.DLL.EMBED.MANIFEST.RES
E:\PROJECT\VC++\WAR3TOOLS\TRUNK\WAR3TOOLS\WAR3TOOLSDLL\DEBUG\WAR3TOOLSDLL.DLL.INTERMEDIATE.MANIFEST
E:\PROJECT\VC++\WAR3TOOLS\TRUNK\WAR3TOOLS\WAR3TOOLSDLL\DEBUG\WAR3TOOLSDLL.OBJ
E:\PROJECT\VC++\WAR3TOOLS\TRUNK\WAR3TOOLS\WAR3TOOLSDLL\DEBUG\WAR3TOOLSDLL.PCH
E:\project\VC++\war3tools\trunk\War3Tools\War3ToolsDLL\Debug\War3ToolsDLL.write.1.tlog
E:\project\VC++\war3tools\trunk\War3Tools\War3ToolsDLL\Debug\War3ToolsDLL_manifest.rc
