E:\project\VC++\PPSUpLoadOver\HookSendTo\Release\cl.command.1.tlog
E:\project\VC++\PPSUpLoadOver\HookSendTo\Release\CL.read.1.tlog
E:\project\VC++\PPSUpLoadOver\HookSendTo\Release\CL.write.1.tlog
E:\PROJECT\VC++\PPSUPLOADOVER\HOOKSENDTO\RELEASE\DLLMAIN.OBJ
E:\PROJECT\VC++\PPSUPLOADOVER\HOOKSENDTO\RELEASE\HOOKSENDTO.DLL.INTERMEDIATE.MANIFEST
E:\PROJECT\VC++\PPSUPLOADOVER\HOOKSENDTO\RELEASE\HOOKSENDTO.OBJ
E:\PROJECT\VC++\PPSUPLOADOVER\HOOKSENDTO\RELEASE\HOOKSENDTO.PCH
E:\project\VC++\PPSUpLoadOver\HookSendTo\Release\HookSendTo.write.1.tlog
E:\project\VC++\PPSUpLoadOver\HookSendTo\Release\link.command.1.tlog
E:\project\VC++\PPSUpLoadOver\HookSendTo\Release\link.read.1.tlog
E:\project\VC++\PPSUpLoadOver\HookSendTo\Release\link.write.1.tlog
E:\project\VC++\PPSUpLoadOver\HookSendTo\Release\mt.command.1.tlog
E:\project\VC++\PPSUpLoadOver\HookSendTo\Release\mt.read.1.tlog
E:\project\VC++\PPSUpLoadOver\HookSendTo\Release\mt.write.1.tlog
E:\PROJECT\VC++\PPSUPLOADOVER\HOOKSENDTO\RELEASE\STDAFX.OBJ
E:\PROJECT\VC++\PPSUPLOADOVER\HOOKSENDTO\RELEASE\VC100.PDB
E:\PROJECT\VC++\PPSUPLOADOVER\RELEASE\HOOKSENDTO.DLL
E:\project\VC++\PPSUpLoadOver\Release\HookSendTo.exp
E:\project\VC++\PPSUpLoadOver\Release\HookSendTo.lib
E:\PROJECT\VC++\PPSUPLOADOVER\RELEASE\HOOKSENDTO.PDB
