生成启动时间为 2011-3-23 17:04:03。
     1>项目“E:\project\VC++\PPSUpLoadOver\HookSendTo\HookSendTo.vcxproj”在节点 2 上(build 个目标)。
     1>InitializeBuildStatus:
         正在对“Debug\HookSendTo.unsuccessfulbuild”执行 Touch 任务。
       ClCompile:
         所有输出均为最新。
         D:\Program Files\Microsoft Visual Studio 10.0\VC\bin\CL.exe /c /ZI /nologo /W3 /WX- /Od /Oy- /D WIN32 /D _DEBUG /D _WINDOWS /D _USRDLL /D HOOKSENDTO_EXPORTS /D _WINDLL /D _UNICODE /D UNICODE /Gm /EHsc /RTC1 /MDd /GS /fp:precise /Zc:wchar_t /Zc:forScope /Fo"Debug\\" /Fd"Debug\vc100.pdb" /Gd /TP /analyze- /errorReport:prompt dllmain.cpp
         dllmain.cpp
         所有输出均为最新。
       ManifestResourceCompile:
         所有输出均为最新。
       Link:
         D:\Program Files\Microsoft Visual Studio 10.0\VC\bin\link.exe /ERRORREPORT:PROMPT /OUT:"E:\project\VC++\PPSUpLoadOver\Debug\HookSendTo.dll" /INCREMENTAL /NOLOGO kernel32.lib user32.lib gdi32.lib winspool.lib comdlg32.lib advapi32.lib shell32.lib ole32.lib oleaut32.lib uuid.lib odbc32.lib odbccp32.lib /DEF:"HookSendTo.def" /MANIFEST /ManifestFile:"Debug\HookSendTo.dll.intermediate.manifest" /MANIFESTUAC:"level='asInvoker' uiAccess='false'" /DEBUG /PDB:"E:\project\VC++\PPSUpLoadOver\Debug\HookSendTo.pdb" /SUBSYSTEM:WINDOWS /TLBID:1 /DYNAMICBASE /NXCOMPAT /IMPLIB:"E:\project\VC++\PPSUpLoadOver\Debug\HookSendTo.lib" /MACHINE:X86 /DLL Debug\HookSendTo.dll.embed.manifest.res
         Debug\dllmain.obj
         Debug\HookSendTo.obj
         Debug\stdafx.obj
       Manifest:
         C:\Program Files\Microsoft SDKs\Windows\v7.0A\bin\mt.exe /nologo /verbose /out:"Debug\HookSendTo.dll.embed.manifest" /manifest Debug\HookSendTo.dll.intermediate.manifest
         所有输出均为最新。
       LinkEmbedManifest:
         所有输出均为最新。
         HookSendTo.vcxproj -> E:\project\VC++\PPSUpLoadOver\Debug\HookSendTo.dll
       FinalizeBuildStatus:
         正在删除文件“Debug\HookSendTo.unsuccessfulbuild”。
         正在对“Debug\HookSendTo.lastbuildstate”执行 Touch 任务。
     1>已完成生成项目“E:\project\VC++\PPSUpLoadOver\HookSendTo\HookSendTo.vcxproj”(build 个目标)的操作。

生成成功。

已用时间 00:00:01.53
