生成启动时间为 2011-3-11 14:53:56。
     1>项目“E:\project\VC++\hookapi2010\HookAPI2010.vcxproj”在节点 2 上(build 个目标)。
     1>InitializeBuildStatus:
         正在创建“Debug\HookAPI2010.unsuccessfulbuild”，因为已指定“AlwaysCreate”。
       ClCompile:
         所有输出均为最新。
         D:\Program Files\Microsoft Visual Studio 10.0\VC\bin\CL.exe /c /ZI /nologo /W3 /WX- /Od /Oy- /D WIN32 /D _DEBUG /D _WINDOWS /D _USRDLL /D HOOKAPI2010_EXPORTS /D _WINDLL /D _UNICODE /D UNICODE /Gm /EHsc /RTC1 /MDd /GS /fp:precise /Zc:wchar_t /Zc:forScope /Fo"Debug\\" /Fd"Debug\vc100.pdb" /Gd /TP /analyze- /errorReport:prompt dllmain.cpp
         dllmain.cpp
         所有输出均为最新。
       ManifestResourceCompile:
         所有输出均为最新。
       Link:
         D:\Program Files\Microsoft Visual Studio 10.0\VC\bin\link.exe /ERRORREPORT:PROMPT /OUT:"E:\project\VC++\hookapi2010\Debug\HookAPI2010.dll" /INCREMENTAL /NOLOGO kernel32.lib user32.lib gdi32.lib winspool.lib comdlg32.lib advapi32.lib shell32.lib ole32.lib oleaut32.lib uuid.lib odbc32.lib odbccp32.lib /DEF:"HookAPI2010.def" /MANIFEST /ManifestFile:"Debug\HookAPI2010.dll.intermediate.manifest" /MANIFESTUAC:"level='asInvoker' uiAccess='false'" /DEBUG /PDB:"E:\project\VC++\hookapi2010\Debug\HookAPI2010.pdb" /SUBSYSTEM:WINDOWS /TLBID:1 /DYNAMICBASE /NXCOMPAT /IMPLIB:"E:\project\VC++\hookapi2010\Debug\HookAPI2010.lib" /MACHINE:X86 /DLL Debug\HookAPI2010.dll.embed.manifest.res
         Debug\dllmain.obj
         Debug\HookAPI2010.obj
         Debug\stdafx.obj
       Manifest:
         C:\Program Files\Microsoft SDKs\Windows\v7.0A\bin\mt.exe /nologo /verbose /out:"Debug\HookAPI2010.dll.embed.manifest" /manifest Debug\HookAPI2010.dll.intermediate.manifest
         所有输出均为最新。
       LinkEmbedManifest:
         所有输出均为最新。
         HookAPI2010.vcxproj -> E:\project\VC++\hookapi2010\Debug\HookAPI2010.dll
       FinalizeBuildStatus:
         正在删除文件“Debug\HookAPI2010.unsuccessfulbuild”。
         正在对“Debug\HookAPI2010.lastbuildstate”执行 Touch 任务。
     1>已完成生成项目“E:\project\VC++\hookapi2010\HookAPI2010.vcxproj”(build 个目标)的操作。

生成成功。

已用时间 00:00:01.18
