生成启动时间为 2011-3-17 13:28:55。
     1>项目“E:\project\VC++\ChgFileVer\ChgFileVer\ChgFileVer.vcxproj”在节点 2 上(build 个目标)。
     1>InitializeBuildStatus:
         正在创建“Debug\ChgFileVer.unsuccessfulbuild”，因为已指定“AlwaysCreate”。
       ClCompile:
         所有输出均为最新。
         D:\Program Files\Microsoft Visual Studio 10.0\VC\bin\CL.exe /c /ZI /nologo /W3 /WX- /Od /Oy- /D WIN32 /D _DEBUG /D _CONSOLE /D _UNICODE /D UNICODE /Gm /EHsc /RTC1 /MDd /GS /fp:precise /Zc:wchar_t /Zc:forScope /Yu"StdAfx.h" /Fp"Debug\ChgFileVer.pch" /Fo"Debug\\" /Fd"Debug\vc100.pdb" /Gd /TP /analyze- /errorReport:prompt ChgFileVer.cpp
         ChgFileVer.cpp
       ManifestResourceCompile:
         所有输出均为最新。
       Link:
         D:\Program Files\Microsoft Visual Studio 10.0\VC\bin\link.exe /ERRORREPORT:PROMPT /OUT:"E:\project\VC++\ChgFileVer\Debug\ChgFileVer.exe" /INCREMENTAL /NOLOGO kernel32.lib user32.lib gdi32.lib winspool.lib comdlg32.lib advapi32.lib shell32.lib ole32.lib oleaut32.lib uuid.lib odbc32.lib odbccp32.lib /MANIFEST /ManifestFile:"Debug\ChgFileVer.exe.intermediate.manifest" /MANIFESTUAC:"level='asInvoker' uiAccess='false'" /DEBUG /PDB:"E:\project\VC++\ChgFileVer\Debug\ChgFileVer.pdb" /SUBSYSTEM:CONSOLE /TLBID:1 /DYNAMICBASE /NXCOMPAT /IMPLIB:"E:\project\VC++\ChgFileVer\Debug\ChgFileVer.lib" /MACHINE:X86 Debug\ChgFileVer.exe.embed.manifest.res
         Debug\ChgFileVer.obj
         Debug\stdafx.obj
       Manifest:
         C:\Program Files\Microsoft SDKs\Windows\v7.0A\bin\mt.exe /nologo /verbose /out:"Debug\ChgFileVer.exe.embed.manifest" /manifest Debug\ChgFileVer.exe.intermediate.manifest
         所有输出均为最新。
       LinkEmbedManifest:
         所有输出均为最新。
         ChgFileVer.vcxproj -> E:\project\VC++\ChgFileVer\Debug\ChgFileVer.exe
       FinalizeBuildStatus:
         正在删除文件“Debug\ChgFileVer.unsuccessfulbuild”。
         正在对“Debug\ChgFileVer.lastbuildstate”执行 Touch 任务。
     1>已完成生成项目“E:\project\VC++\ChgFileVer\ChgFileVer\ChgFileVer.vcxproj”(build 个目标)的操作。

生成成功。

已用时间 00:00:01.15
