生成启动时间为 2011-3-25 15:23:21。
     1>项目“E:\project\VC++\WdyNsis\WdyNsis\WdyNsis.vcxproj”在节点 2 上(rebuild 个目标)。
     1>_PrepareForClean:
         正在删除文件“Release\WdyNsis.lastbuildstate”。
       InitializeBuildStatus:
         正在对“Release\WdyNsis.unsuccessfulbuild”执行 Touch 任务。
       ClCompile:
         D:\Program Files\Microsoft Visual Studio 10.0\VC\bin\CL.exe /c /Zi /nologo /W3 /WX- /O2 /Oi /Oy- /GL /D WIN32 /D NDEBUG /D _WINDOWS /D _USRDLL /D WDYNSIS_EXPORTS /D _WINDLL /D _UNICODE /D UNICODE /Gm- /EHsc /MD /GS /Gy /fp:precise /Zc:wchar_t /Zc:forScope /Yc"StdAfx.h" /Fp"Release\WdyNsis.pch" /Fo"Release\\" /Fd"Release\vc100.pdb" /Gd /TP /analyze- /errorReport:prompt stdafx.cpp
         stdafx.cpp
         D:\Program Files\Microsoft Visual Studio 10.0\VC\bin\CL.exe /c /Zi /nologo /W3 /WX- /O2 /Oi /Oy- /GL /D WIN32 /D NDEBUG /D _WINDOWS /D _USRDLL /D WDYNSIS_EXPORTS /D _WINDLL /D _UNICODE /D UNICODE /Gm- /EHsc /MD /GS /Gy /fp:precise /Zc:wchar_t /Zc:forScope /Fo"Release\\" /Fd"Release\vc100.pdb" /Gd /TP /analyze- /errorReport:prompt dllmain.cpp
         dllmain.cpp
         D:\Program Files\Microsoft Visual Studio 10.0\VC\bin\CL.exe /c /Zi /nologo /W3 /WX- /O2 /Oi /Oy- /GL /D WIN32 /D NDEBUG /D _WINDOWS /D _USRDLL /D WDYNSIS_EXPORTS /D _WINDLL /D _UNICODE /D UNICODE /Gm- /EHsc /MD /GS /Gy /fp:precise /Zc:wchar_t /Zc:forScope /Yu"StdAfx.h" /Fp"Release\WdyNsis.pch" /Fo"Release\\" /Fd"Release\vc100.pdb" /Gd /TP /analyze- /errorReport:prompt WdyNsis.cpp
         WdyNsis.cpp
       Link:
         D:\Program Files\Microsoft Visual Studio 10.0\VC\bin\link.exe /ERRORREPORT:PROMPT /OUT:"E:\project\VC++\WdyNsis\Release\WdyNsis.dll" /INCREMENTAL:NO /NOLOGO kernel32.lib user32.lib gdi32.lib winspool.lib comdlg32.lib advapi32.lib shell32.lib ole32.lib oleaut32.lib uuid.lib odbc32.lib odbccp32.lib /NODEFAULTLIB:LIBC.lib /DEF:"WdyNsis.def" /MANIFEST /ManifestFile:"Release\WdyNsis.dll.intermediate.manifest" /MANIFESTUAC:"level='asInvoker' uiAccess='false'" /DEBUG /PDB:"E:\project\VC++\WdyNsis\Release\WdyNsis.pdb" /SUBSYSTEM:WINDOWS /OPT:REF /OPT:ICF /LTCG /TLBID:1 /DYNAMICBASE /NXCOMPAT /IMPLIB:"E:\project\VC++\WdyNsis\Release\WdyNsis.lib" /MACHINE:X86 /DLL Release\dllmain.obj
         Release\stdafx.obj
         Release\WdyNsis.obj
            正在创建库 E:\project\VC++\WdyNsis\Release\WdyNsis.lib 和对象 E:\project\VC++\WdyNsis\Release\WdyNsis.exp
         正在生成代码
         已完成代码的生成
         WdyNsis.vcxproj -> E:\project\VC++\WdyNsis\Release\WdyNsis.dll
       Manifest:
         C:\Program Files\Microsoft SDKs\Windows\v7.0A\bin\mt.exe /nologo /verbose /outputresource:"E:\project\VC++\WdyNsis\Release\WdyNsis.dll;#2" /manifest Release\WdyNsis.dll.intermediate.manifest
       FinalizeBuildStatus:
         正在删除文件“Release\WdyNsis.unsuccessfulbuild”。
         正在对“Release\WdyNsis.lastbuildstate”执行 Touch 任务。
     1>已完成生成项目“E:\project\VC++\WdyNsis\WdyNsis\WdyNsis.vcxproj”(rebuild 个目标)的操作。

生成成功。

已用时间 00:00:01.92
