生成启动时间为 2011-3-24 18:22:12。
     1>项目“E:\project\VC++\PPSUpLoadOver\PPSUpLoadOver\PPSUpLoadOver.vcxproj”在节点 3 上(rebuild 个目标)。
     1>_PrepareForClean:
         正在删除文件“Release\PPSUpLoadOver.lastbuildstate”。
       InitializeBuildStatus:
         正在创建“Release\PPSUpLoadOver.unsuccessfulbuild”，因为已指定“AlwaysCreate”。
       ClCompile:
         D:\Program Files\Microsoft Visual Studio 10.0\VC\bin\CL.exe /c /Zi /nologo /W3 /WX- /O2 /Oi /Oy- /GL /D WIN32 /D NDEBUG /D _CONSOLE /D _UNICODE /D UNICODE /Gm- /EHsc /MD /GS /Gy /fp:precise /Zc:wchar_t /Zc:forScope /Yc"StdAfx.h" /Fp"Release\PPSUpLoadOver.pch" /Fo"Release\\" /Fd"Release\vc100.pdb" /Gd /TP /analyze- /errorReport:prompt stdafx.cpp
         stdafx.cpp
         D:\Program Files\Microsoft Visual Studio 10.0\VC\bin\CL.exe /c /Zi /nologo /W3 /WX- /O2 /Oi /Oy- /GL /D WIN32 /D NDEBUG /D _CONSOLE /D _UNICODE /D UNICODE /Gm- /EHsc /MD /GS /Gy /fp:precise /Zc:wchar_t /Zc:forScope /Yu"StdAfx.h" /Fp"Release\PPSUpLoadOver.pch" /Fo"Release\\" /Fd"Release\vc100.pdb" /Gd /TP /analyze- /errorReport:prompt PPSUpLoadOver.cpp
         PPSUpLoadOver.cpp
       Link:
         D:\Program Files\Microsoft Visual Studio 10.0\VC\bin\link.exe /ERRORREPORT:PROMPT /OUT:"E:\project\VC++\PPSUpLoadOver\Release\PPSUpLoadOver.exe" /INCREMENTAL:NO /NOLOGO kernel32.lib user32.lib gdi32.lib winspool.lib comdlg32.lib advapi32.lib shell32.lib ole32.lib oleaut32.lib uuid.lib odbc32.lib odbccp32.lib /MANIFEST /ManifestFile:"Release\PPSUpLoadOver.exe.intermediate.manifest" /MANIFESTUAC:"level='asInvoker' uiAccess='false'" /DEBUG /PDB:"E:\project\VC++\PPSUpLoadOver\Release\PPSUpLoadOver.pdb" /SUBSYSTEM:CONSOLE /OPT:REF /OPT:ICF /LTCG /TLBID:1 /DYNAMICBASE /NXCOMPAT /IMPLIB:"E:\project\VC++\PPSUpLoadOver\Release\PPSUpLoadOver.lib" /MACHINE:X86 Release\PPSUpLoadOver.obj
         Release\stdafx.obj
         正在生成代码
         已完成代码的生成
         PPSUpLoadOver.vcxproj -> E:\project\VC++\PPSUpLoadOver\Release\PPSUpLoadOver.exe
       Manifest:
         C:\Program Files\Microsoft SDKs\Windows\v7.0A\bin\mt.exe /nologo /verbose /outputresource:"E:\project\VC++\PPSUpLoadOver\Release\PPSUpLoadOver.exe;#1" /manifest Release\PPSUpLoadOver.exe.intermediate.manifest
       FinalizeBuildStatus:
         正在删除文件“Release\PPSUpLoadOver.unsuccessfulbuild”。
         正在对“Release\PPSUpLoadOver.lastbuildstate”执行 Touch 任务。
     1>已完成生成项目“E:\project\VC++\PPSUpLoadOver\PPSUpLoadOver\PPSUpLoadOver.vcxproj”(rebuild 个目标)的操作。

生成成功。

已用时间 00:00:02.07
